{"G:\\monorepo\\packages\\apps\\app-react\\src\\app.tsx": {"path":"G:\\monorepo\\packages\\apps\\app-react\\src\\app.tsx","statementMap":{"0":{"start":{"line":6,"column":22},"end":{"line":15,"column":1}},"1":{"start":{"line":7,"column":17},"end":{"line":7,"column":40}},"2":{"start":{"line":7,"column":23},"end":{"line":7,"column":40}},"3":{"start":{"line":8,"column":1},"end":{"line":14,"column":3}}},"fnMap":{"0":{"name":"(anonymous_0)","decl":{"start":{"line":6,"column":22},"end":{"line":6,"column":23}},"loc":{"start":{"line":6,"column":28},"end":{"line":15,"column":1}},"line":6},"1":{"name":"(anonymous_1)","decl":{"start":{"line":7,"column":17},"end":{"line":7,"column":18}},"loc":{"start":{"line":7,"column":23},"end":{"line":7,"column":40}},"line":7}},"branchMap":{},"s":{"0":0,"1":0,"2":0,"3":0},"f":{"0":0,"1":0},"b":{}}
,"G:\\monorepo\\packages\\apps\\app-react\\src\\global.d.ts": {"path":"G:\\monorepo\\packages\\apps\\app-react\\src\\global.d.ts","statementMap":{},"fnMap":{},"branchMap":{},"s":{},"f":{},"b":{}}
,"G:\\monorepo\\packages\\apps\\app-react\\src\\index.tsx": {"path":"G:\\monorepo\\packages\\apps\\app-react\\src\\index.tsx","statementMap":{"0":{"start":{"line":6,"column":0},"end":{"line":6,"column":80}}},"fnMap":{},"branchMap":{},"s":{"0":0},"f":{},"b":{}}
,"G:\\monorepo\\packages\\apps\\app-react\\src\\components\\button\\index.tsx": {"path":"G:\\monorepo\\packages\\apps\\app-react\\src\\components\\button\\index.tsx","statementMap":{"0":{"start":{"line":4,"column":20},"end":{"line":4,"column":51}},"1":{"start":{"line":13,"column":38},"end":{"line":19,"column":1}},"2":{"start":{"line":14,"column":28},"end":{"line":14,"column":33}},"3":{"start":{"line":15,"column":33},"end":{"line":15,"column":50}},"4":{"start":{"line":18,"column":1},"end":{"line":18,"column":56}}},"fnMap":{"0":{"name":"(anonymous_0)","decl":{"start":{"line":13,"column":38},"end":{"line":13,"column":39}},"loc":{"start":{"line":13,"column":49},"end":{"line":19,"column":1}},"line":13}},"branchMap":{},"s":{"0":0,"1":0,"2":0,"3":0,"4":0},"f":{"0":0},"b":{}}
,"G:\\monorepo\\packages\\apps\\app-react\\src\\components\\card\\index.tsx": {"path":"G:\\monorepo\\packages\\apps\\app-react\\src\\components\\card\\index.tsx","statementMap":{"0":{"start":{"line":8,"column":34},"end":{"line":14,"column":1}},"1":{"start":{"line":9,"column":2},"end":{"line":13,"column":3}}},"fnMap":{"0":{"name":"(anonymous_0)","decl":{"start":{"line":8,"column":34},"end":{"line":8,"column":35}},"loc":{"start":{"line":8,"column":61},"end":{"line":14,"column":1}},"line":8}},"branchMap":{},"s":{"0":0,"1":0},"f":{"0":0},"b":{}}
,"G:\\monorepo\\packages\\apps\\app-react\\src\\components\\navigation\\icon.tsx": {"path":"G:\\monorepo\\packages\\apps\\app-react\\src\\components\\navigation\\icon.tsx","statementMap":{"0":{"start":{"line":3,"column":15},"end":{"line":11,"column":1}},"1":{"start":{"line":4,"column":1},"end":{"line":10,"column":3}}},"fnMap":{"0":{"name":"(anonymous_0)","decl":{"start":{"line":3,"column":15},"end":{"line":3,"column":16}},"loc":{"start":{"line":3,"column":21},"end":{"line":11,"column":1}},"line":3}},"branchMap":{},"s":{"0":0,"1":0},"f":{"0":0},"b":{}}
,"G:\\monorepo\\packages\\apps\\app-react\\src\\components\\navigation\\index.tsx": {"path":"G:\\monorepo\\packages\\apps\\app-react\\src\\components\\navigation\\index.tsx","statementMap":{"0":{"start":{"line":10,"column":18},"end":{"line":29,"column":1}},"1":{"start":{"line":11,"column":1},"end":{"line":28,"column":3}},"2":{"start":{"line":31,"column":16},"end":{"line":50,"column":1}},"3":{"start":{"line":32,"column":1},"end":{"line":49,"column":2}},"4":{"start":{"line":35,"column":5},"end":{"line":46,"column":7}},"5":{"start":{"line":40,"column":8},"end":{"line":41,"column":82}},"6":{"start":{"line":56,"column":46},"end":{"line":75,"column":1}},"7":{"start":{"line":57,"column":1},"end":{"line":74,"column":3}}},"fnMap":{"0":{"name":"(anonymous_0)","decl":{"start":{"line":10,"column":18},"end":{"line":10,"column":19}},"loc":{"start":{"line":10,"column":24},"end":{"line":29,"column":1}},"line":10},"1":{"name":"(anonymous_1)","decl":{"start":{"line":31,"column":16},"end":{"line":31,"column":17}},"loc":{"start":{"line":31,"column":22},"end":{"line":50,"column":1}},"line":31},"2":{"name":"(anonymous_2)","decl":{"start":{"line":34,"column":13},"end":{"line":34,"column":14}},"loc":{"start":{"line":34,"column":28},"end":{"line":47,"column":5}},"line":34},"3":{"name":"(anonymous_3)","decl":{"start":{"line":39,"column":18},"end":{"line":39,"column":19}},"loc":{"start":{"line":40,"column":8},"end":{"line":41,"column":82}},"line":40},"4":{"name":"(anonymous_4)","decl":{"start":{"line":56,"column":46},"end":{"line":56,"column":47}},"loc":{"start":{"line":56,"column":64},"end":{"line":75,"column":1}},"line":56}},"branchMap":{"0":{"loc":{"start":{"line":41,"column":9},"end":{"line":41,"column":81}},"type":"cond-expr","locations":[{"start":{"line":41,"column":20},"end":{"line":41,"column":46}},{"start":{"line":41,"column":49},"end":{"line":41,"column":81}}],"line":41},"1":{"loc":{"start":{"line":64,"column":7},"end":{"line":66,"column":8}},"type":"cond-expr","locations":[{"start":{"line":64,"column":20},"end":{"line":64,"column":46}},{"start":{"line":65,"column":8},"end":{"line":65,"column":19}}],"line":64}},"s":{"0":0,"1":0,"2":0,"3":0,"4":0,"5":0,"6":0,"7":0},"f":{"0":0,"1":0,"2":0,"3":0,"4":0},"b":{"0":[0,0],"1":[0,0]}}
,"G:\\monorepo\\packages\\apps\\app-react\\src\\components\\navigation\\menu.tsx": {"path":"G:\\monorepo\\packages\\apps\\app-react\\src\\components\\navigation\\menu.tsx","statementMap":{"0":{"start":{"line":9,"column":35},"end":{"line":48,"column":1}},"1":{"start":{"line":10,"column":18},"end":{"line":10,"column":31}},"2":{"start":{"line":13,"column":23},"end":{"line":24,"column":2}},"3":{"start":{"line":15,"column":2},"end":{"line":21,"column":5}},"4":{"start":{"line":16,"column":3},"end":{"line":20,"column":6}},"5":{"start":{"line":17,"column":4},"end":{"line":19,"column":5}},"6":{"start":{"line":18,"column":5},"end":{"line":18,"column":21}},"7":{"start":{"line":23,"column":2},"end":{"line":23,"column":13}},"8":{"start":{"line":26,"column":1},"end":{"line":47,"column":3}},"9":{"start":{"line":29,"column":4},"end":{"line":44,"column":6}},"10":{"start":{"line":32,"column":7},"end":{"line":37,"column":9}}},"fnMap":{"0":{"name":"(anonymous_0)","decl":{"start":{"line":9,"column":35},"end":{"line":9,"column":36}},"loc":{"start":{"line":9,"column":50},"end":{"line":48,"column":1}},"line":9},"1":{"name":"(anonymous_1)","decl":{"start":{"line":13,"column":23},"end":{"line":13,"column":24}},"loc":{"start":{"line":13,"column":29},"end":{"line":24,"column":2}},"line":13},"2":{"name":"(anonymous_2)","decl":{"start":{"line":15,"column":16},"end":{"line":15,"column":17}},"loc":{"start":{"line":15,"column":26},"end":{"line":21,"column":3}},"line":15},"3":{"name":"(anonymous_3)","decl":{"start":{"line":16,"column":33},"end":{"line":16,"column":34}},"loc":{"start":{"line":16,"column":42},"end":{"line":20,"column":4}},"line":16},"4":{"name":"(anonymous_4)","decl":{"start":{"line":28,"column":14},"end":{"line":28,"column":15}},"loc":{"start":{"line":28,"column":24},"end":{"line":45,"column":4}},"line":28},"5":{"name":"(anonymous_5)","decl":{"start":{"line":31,"column":17},"end":{"line":31,"column":18}},"loc":{"start":{"line":31,"column":35},"end":{"line":38,"column":7}},"line":31}},"branchMap":{"0":{"loc":{"start":{"line":16,"column":4},"end":{"line":16,"column":23}},"type":"binary-expr","locations":[{"start":{"line":16,"column":4},"end":{"line":16,"column":17}},{"start":{"line":16,"column":21},"end":{"line":16,"column":23}}],"line":16},"1":{"loc":{"start":{"line":17,"column":4},"end":{"line":19,"column":5}},"type":"if","locations":[{"start":{"line":17,"column":4},"end":{"line":19,"column":5}},{"start":{},"end":{}}],"line":17},"2":{"loc":{"start":{"line":17,"column":8},"end":{"line":17,"column":56}},"type":"binary-expr","locations":[{"start":{"line":17,"column":8},"end":{"line":17,"column":16}},{"start":{"line":17,"column":20},"end":{"line":17,"column":56}}],"line":17},"3":{"loc":{"start":{"line":34,"column":9},"end":{"line":36,"column":27}},"type":"cond-expr","locations":[{"start":{"line":35,"column":11},"end":{"line":35,"column":65}},{"start":{"line":36,"column":11},"end":{"line":36,"column":27}}],"line":34},"4":{"loc":{"start":{"line":34,"column":9},"end":{"line":34,"column":50}},"type":"binary-expr","locations":[{"start":{"line":34,"column":9},"end":{"line":34,"column":17}},{"start":{"line":34,"column":21},"end":{"line":34,"column":50}}],"line":34},"5":{"loc":{"start":{"line":39,"column":10},"end":{"line":39,"column":25}},"type":"binary-expr","locations":[{"start":{"line":39,"column":10},"end":{"line":39,"column":19}},{"start":{"line":39,"column":23},"end":{"line":39,"column":25}}],"line":39}},"s":{"0":0,"1":0,"2":0,"3":0,"4":0,"5":0,"6":0,"7":0,"8":0,"9":0,"10":0},"f":{"0":0,"1":0,"2":0,"3":0,"4":0,"5":0},"b":{"0":[0,0],"1":[0,0],"2":[0,0],"3":[0,0],"4":[0,0],"5":[0,0]}}
,"G:\\monorepo\\packages\\apps\\app-react\\src\\components\\search\\index.tsx": {"path":"G:\\monorepo\\packages\\apps\\app-react\\src\\components\\search\\index.tsx","statementMap":{"0":{"start":{"line":3,"column":25},"end":{"line":15,"column":1}},"1":{"start":{"line":4,"column":1},"end":{"line":14,"column":3}}},"fnMap":{"0":{"name":"(anonymous_0)","decl":{"start":{"line":3,"column":25},"end":{"line":3,"column":26}},"loc":{"start":{"line":3,"column":31},"end":{"line":15,"column":1}},"line":3}},"branchMap":{},"s":{"0":0,"1":0},"f":{"0":0},"b":{}}
,"G:\\monorepo\\packages\\apps\\app-react\\src\\hooks\\index.ts": {"path":"G:\\monorepo\\packages\\apps\\app-react\\src\\hooks\\index.ts","statementMap":{},"fnMap":{},"branchMap":{},"s":{},"f":{},"b":{}}
,"G:\\monorepo\\packages\\apps\\app-react\\src\\hooks\\useBoolean.ts": {"path":"G:\\monorepo\\packages\\apps\\app-react\\src\\hooks\\useBoolean.ts","statementMap":{"0":{"start":{"line":3,"column":26},"end":{"line":11,"column":1}},"1":{"start":{"line":4,"column":25},"end":{"line":4,"column":47}},"2":{"start":{"line":6,"column":16},"end":{"line":8,"column":2}},"3":{"start":{"line":7,"column":2},"end":{"line":7,"column":20}},"4":{"start":{"line":10,"column":1},"end":{"line":10,"column":23}}},"fnMap":{"0":{"name":"(anonymous_0)","decl":{"start":{"line":3,"column":26},"end":{"line":3,"column":27}},"loc":{"start":{"line":3,"column":90},"end":{"line":11,"column":1}},"line":3},"1":{"name":"(anonymous_1)","decl":{"start":{"line":6,"column":16},"end":{"line":6,"column":17}},"loc":{"start":{"line":6,"column":39},"end":{"line":8,"column":2}},"line":6}},"branchMap":{},"s":{"0":0,"1":0,"2":0,"3":0,"4":0},"f":{"0":0,"1":0},"b":{}}
,"G:\\monorepo\\packages\\apps\\app-react\\src\\pages\\education.tsx": {"path":"G:\\monorepo\\packages\\apps\\app-react\\src\\pages\\education.tsx","statementMap":{"0":{"start":{"line":3,"column":21},"end":{"line":7,"column":1}},"1":{"start":{"line":10,"column":1},"end":{"line":17,"column":2}},"2":{"start":{"line":12,"column":3},"end":{"line":12,"column":45}},"3":{"start":{"line":14,"column":3},"end":{"line":14,"column":46}},"4":{"start":{"line":16,"column":3},"end":{"line":16,"column":41}},"5":{"start":{"line":20,"column":28},"end":{"line":88,"column":1}},"6":{"start":{"line":24,"column":27},"end":{"line":24,"column":49}},"7":{"start":{"line":25,"column":27},"end":{"line":25,"column":46}},"8":{"start":{"line":26,"column":16},"end":{"line":26,"column":25}},"9":{"start":{"line":27,"column":25},"end":{"line":30,"column":3}},"10":{"start":{"line":31,"column":1},"end":{"line":33,"column":9}},"11":{"start":{"line":32,"column":2},"end":{"line":32,"column":21}},"12":{"start":{"line":35,"column":1},"end":{"line":35,"column":20}},"13":{"start":{"line":37,"column":1},"end":{"line":44,"column":8}},"14":{"start":{"line":46,"column":18},"end":{"line":52,"column":2}},"15":{"start":{"line":47,"column":2},"end":{"line":51,"column":5}},"16":{"start":{"line":48,"column":20},"end":{"line":48,"column":53}},"17":{"start":{"line":49,"column":3},"end":{"line":49,"column":29}},"18":{"start":{"line":50,"column":3},"end":{"line":50,"column":19}},"19":{"start":{"line":54,"column":1},"end":{"line":87,"column":3}},"20":{"start":{"line":58,"column":6},"end":{"line":68,"column":11}},"21":{"start":{"line":63,"column":9},"end":{"line":63,"column":25}},"22":{"start":{"line":71,"column":26},"end":{"line":71,"column":42}},"23":{"start":{"line":75,"column":6},"end":{"line":79,"column":8}},"24":{"start":{"line":76,"column":7},"end":{"line":78,"column":10}}},"fnMap":{"0":{"name":"reducer","decl":{"start":{"line":9,"column":9},"end":{"line":9,"column":16}},"loc":{"start":{"line":9,"column":53},"end":{"line":18,"column":1}},"line":9},"1":{"name":"(anonymous_1)","decl":{"start":{"line":20,"column":28},"end":{"line":20,"column":29}},"loc":{"start":{"line":20,"column":34},"end":{"line":88,"column":1}},"line":20},"2":{"name":"(anonymous_2)","decl":{"start":{"line":31,"column":12},"end":{"line":31,"column":13}},"loc":{"start":{"line":31,"column":18},"end":{"line":33,"column":2}},"line":31},"3":{"name":"(anonymous_3)","decl":{"start":{"line":37,"column":11},"end":{"line":37,"column":12}},"loc":{"start":{"line":37,"column":17},"end":{"line":44,"column":2}},"line":37},"4":{"name":"(anonymous_4)","decl":{"start":{"line":46,"column":18},"end":{"line":46,"column":19}},"loc":{"start":{"line":46,"column":37},"end":{"line":52,"column":2}},"line":46},"5":{"name":"(anonymous_5)","decl":{"start":{"line":47,"column":11},"end":{"line":47,"column":12}},"loc":{"start":{"line":47,"column":22},"end":{"line":51,"column":3}},"line":47},"6":{"name":"(anonymous_6)","decl":{"start":{"line":57,"column":16},"end":{"line":57,"column":17}},"loc":{"start":{"line":58,"column":6},"end":{"line":68,"column":11}},"line":58},"7":{"name":"(anonymous_7)","decl":{"start":{"line":62,"column":17},"end":{"line":62,"column":18}},"loc":{"start":{"line":62,"column":23},"end":{"line":64,"column":9}},"line":62},"8":{"name":"(anonymous_8)","decl":{"start":{"line":71,"column":20},"end":{"line":71,"column":21}},"loc":{"start":{"line":71,"column":26},"end":{"line":71,"column":42}},"line":71},"9":{"name":"(anonymous_9)","decl":{"start":{"line":74,"column":14},"end":{"line":74,"column":15}},"loc":{"start":{"line":75,"column":6},"end":{"line":79,"column":8}},"line":75},"10":{"name":"(anonymous_10)","decl":{"start":{"line":75,"column":14},"end":{"line":75,"column":15}},"loc":{"start":{"line":75,"column":23},"end":{"line":79,"column":7}},"line":75}},"branchMap":{"0":{"loc":{"start":{"line":10,"column":1},"end":{"line":17,"column":2}},"type":"switch","locations":[{"start":{"line":11,"column":2},"end":{"line":12,"column":45}},{"start":{"line":13,"column":2},"end":{"line":14,"column":46}},{"start":{"line":15,"column":2},"end":{"line":16,"column":41}}],"line":10},"1":{"loc":{"start":{"line":56,"column":4},"end":{"line":70,"column":11}},"type":"cond-expr","locations":[{"start":{"line":57,"column":6},"end":{"line":69,"column":7}},{"start":{"line":70,"column":6},"end":{"line":70,"column":11}}],"line":56}},"s":{"0":0,"1":0,"2":0,"3":0,"4":0,"5":0,"6":0,"7":0,"8":0,"9":0,"10":0,"11":0,"12":0,"13":0,"14":0,"15":0,"16":0,"17":0,"18":0,"19":0,"20":0,"21":0,"22":0,"23":0,"24":0},"f":{"0":0,"1":0,"2":0,"3":0,"4":0,"5":0,"6":0,"7":0,"8":0,"9":0,"10":0},"b":{"0":[0,0,0],"1":[0,0]}}
,"G:\\monorepo\\packages\\apps\\app-react\\src\\pages\\question.tsx": {"path":"G:\\monorepo\\packages\\apps\\app-react\\src\\pages\\question.tsx","statementMap":{"0":{"start":{"line":3,"column":27},"end":{"line":9,"column":1}},"1":{"start":{"line":4,"column":2},"end":{"line":8,"column":3}}},"fnMap":{"0":{"name":"(anonymous_0)","decl":{"start":{"line":3,"column":27},"end":{"line":3,"column":28}},"loc":{"start":{"line":3,"column":33},"end":{"line":9,"column":1}},"line":3}},"branchMap":{},"s":{"0":0,"1":0},"f":{"0":0},"b":{}}
,"G:\\monorepo\\packages\\apps\\app-react\\src\\pages\\home\\index.tsx": {"path":"G:\\monorepo\\packages\\apps\\app-react\\src\\pages\\home\\index.tsx","statementMap":{"0":{"start":{"line":6,"column":23},"end":{"line":32,"column":1}},"1":{"start":{"line":7,"column":20},"end":{"line":7,"column":48}},"2":{"start":{"line":8,"column":36},"end":{"line":8,"column":59}},"3":{"start":{"line":10,"column":1},"end":{"line":15,"column":7}},"4":{"start":{"line":11,"column":20},"end":{"line":13,"column":4}},"5":{"start":{"line":12,"column":3},"end":{"line":12,"column":42}},"6":{"start":{"line":14,"column":2},"end":{"line":14,"column":41}},"7":{"start":{"line":16,"column":1},"end":{"line":31,"column":3}}},"fnMap":{"0":{"name":"(anonymous_0)","decl":{"start":{"line":6,"column":23},"end":{"line":6,"column":24}},"loc":{"start":{"line":6,"column":29},"end":{"line":32,"column":1}},"line":6},"1":{"name":"(anonymous_1)","decl":{"start":{"line":10,"column":11},"end":{"line":10,"column":12}},"loc":{"start":{"line":10,"column":17},"end":{"line":15,"column":2}},"line":10},"2":{"name":"(anonymous_2)","decl":{"start":{"line":11,"column":45},"end":{"line":11,"column":46}},"loc":{"start":{"line":11,"column":58},"end":{"line":13,"column":3}},"line":11}},"branchMap":{},"s":{"0":0,"1":0,"2":0,"3":0,"4":0,"5":0,"6":0,"7":0},"f":{"0":0,"1":0,"2":0},"b":{}}
,"G:\\monorepo\\packages\\apps\\app-react\\src\\pages\\home\\tabs\\index.tsx": {"path":"G:\\monorepo\\packages\\apps\\app-react\\src\\pages\\home\\tabs\\index.tsx","statementMap":{"0":{"start":{"line":4,"column":20},"end":{"line":9,"column":1}},"1":{"start":{"line":14,"column":2},"end":{"line":14,"column":26}},"2":{"start":{"line":18,"column":2},"end":{"line":18,"column":19}},"3":{"start":{"line":21,"column":2},"end":{"line":21,"column":19}},"4":{"start":{"line":25,"column":23},"end":{"line":50,"column":1}},"5":{"start":{"line":26,"column":11},"end":{"line":26,"column":24}},"6":{"start":{"line":27,"column":1},"end":{"line":27,"column":15}},"7":{"start":{"line":28,"column":1},"end":{"line":28,"column":20}},"8":{"start":{"line":29,"column":1},"end":{"line":49,"column":3}},"9":{"start":{"line":33,"column":5},"end":{"line":44,"column":7}},"10":{"start":{"line":38,"column":8},"end":{"line":39,"column":82}}},"fnMap":{"0":{"name":"(anonymous_0)","decl":{"start":{"line":13,"column":1},"end":{"line":13,"column":2}},"loc":{"start":{"line":13,"column":15},"end":{"line":15,"column":2}},"line":13},"1":{"name":"(anonymous_1)","decl":{"start":{"line":17,"column":1},"end":{"line":17,"column":2}},"loc":{"start":{"line":17,"column":13},"end":{"line":19,"column":2}},"line":17},"2":{"name":"(anonymous_2)","decl":{"start":{"line":20,"column":1},"end":{"line":20,"column":2}},"loc":{"start":{"line":20,"column":15},"end":{"line":22,"column":2}},"line":20},"3":{"name":"(anonymous_3)","decl":{"start":{"line":25,"column":23},"end":{"line":25,"column":24}},"loc":{"start":{"line":25,"column":29},"end":{"line":50,"column":1}},"line":25},"4":{"name":"(anonymous_4)","decl":{"start":{"line":32,"column":14},"end":{"line":32,"column":15}},"loc":{"start":{"line":32,"column":24},"end":{"line":45,"column":5}},"line":32},"5":{"name":"(anonymous_5)","decl":{"start":{"line":37,"column":18},"end":{"line":37,"column":19}},"loc":{"start":{"line":38,"column":8},"end":{"line":39,"column":82}},"line":38}},"branchMap":{"0":{"loc":{"start":{"line":39,"column":9},"end":{"line":39,"column":81}},"type":"cond-expr","locations":[{"start":{"line":39,"column":20},"end":{"line":39,"column":46}},{"start":{"line":39,"column":49},"end":{"line":39,"column":81}}],"line":39}},"s":{"0":0,"1":0,"2":0,"3":0,"4":0,"5":0,"6":0,"7":0,"8":0,"9":0,"10":0},"f":{"0":0,"1":0,"2":0,"3":0,"4":0,"5":0},"b":{"0":[0,0]}}
,"G:\\monorepo\\packages\\apps\\app-react\\src\\pages\\home\\tabs\\recommendList\\index.tsx": {"path":"G:\\monorepo\\packages\\apps\\app-react\\src\\pages\\home\\tabs\\recommendList\\index.tsx","statementMap":{"0":{"start":{"line":13,"column":1},"end":{"line":25,"column":7}},"1":{"start":{"line":29,"column":1},"end":{"line":41,"column":7}},"2":{"start":{"line":45,"column":1},"end":{"line":51,"column":7}},"3":{"start":{"line":54,"column":17},"end":{"line":73,"column":1}},"4":{"start":{"line":55,"column":1},"end":{"line":72,"column":7}},"5":{"start":{"line":76,"column":25},"end":{"line":88,"column":1}},"6":{"start":{"line":78,"column":1},"end":{"line":87,"column":7}},"7":{"start":{"line":79,"column":16},"end":{"line":81,"column":4}},"8":{"start":{"line":80,"column":3},"end":{"line":80,"column":33}},"9":{"start":{"line":82,"column":2},"end":{"line":82,"column":46}},"10":{"start":{"line":84,"column":2},"end":{"line":86,"column":3}},"11":{"start":{"line":85,"column":3},"end":{"line":85,"column":49}},"12":{"start":{"line":90,"column":32},"end":{"line":228,"column":1}},"13":{"start":{"line":91,"column":31},"end":{"line":91,"column":55}},"14":{"start":{"line":92,"column":35},"end":{"line":92,"column":55}},"15":{"start":{"line":93,"column":25},"end":{"line":93,"column":49}},"16":{"start":{"line":95,"column":25},"end":{"line":95,"column":44}},"17":{"start":{"line":96,"column":17},"end":{"line":96,"column":39}},"18":{"start":{"line":98,"column":20},"end":{"line":98,"column":48}},"19":{"start":{"line":100,"column":17},"end":{"line":106,"column":2}},"20":{"start":{"line":101,"column":19},"end":{"line":104,"column":4}},"21":{"start":{"line":105,"column":2},"end":{"line":105,"column":20}},"22":{"start":{"line":107,"column":21},"end":{"line":111,"column":2}},"23":{"start":{"line":108,"column":2},"end":{"line":108,"column":22}},"24":{"start":{"line":109,"column":2},"end":{"line":109,"column":24}},"25":{"start":{"line":109,"column":20},"end":{"line":109,"column":22}},"26":{"start":{"line":110,"column":2},"end":{"line":110,"column":19}},"27":{"start":{"line":113,"column":18},"end":{"line":115,"column":2}},"28":{"start":{"line":114,"column":2},"end":{"line":114,"column":20}},"29":{"start":{"line":117,"column":1},"end":{"line":127,"column":15}},"30":{"start":{"line":118,"column":2},"end":{"line":126,"column":3}},"31":{"start":{"line":119,"column":3},"end":{"line":125,"column":6}},"32":{"start":{"line":123,"column":4},"end":{"line":123,"column":56}},"33":{"start":{"line":124,"column":4},"end":{"line":124,"column":29}},"34":{"start":{"line":129,"column":1},"end":{"line":153,"column":8}},"35":{"start":{"line":148,"column":2},"end":{"line":148,"column":45}},"36":{"start":{"line":149,"column":2},"end":{"line":152,"column":4}},"37":{"start":{"line":150,"column":3},"end":{"line":150,"column":51}},"38":{"start":{"line":155,"column":21},"end":{"line":157,"column":2}},"39":{"start":{"line":156,"column":2},"end":{"line":156,"column":16}},"40":{"start":{"line":159,"column":1},"end":{"line":227,"column":3}},"41":{"start":{"line":163,"column":5},"end":{"line":223,"column":6}},"42":{"start":{"line":208,"column":26},"end":{"line":208,"column":49}},"43":{"start":{"line":215,"column":25},"end":{"line":215,"column":39}}},"fnMap":{"0":{"name":"(anonymous_0)","decl":{"start":{"line":54,"column":17},"end":{"line":54,"column":18}},"loc":{"start":{"line":55,"column":1},"end":{"line":72,"column":7}},"line":55},"1":{"name":"(anonymous_1)","decl":{"start":{"line":76,"column":25},"end":{"line":76,"column":26}},"loc":{"start":{"line":76,"column":89},"end":{"line":88,"column":1}},"line":76},"2":{"name":"(anonymous_2)","decl":{"start":{"line":78,"column":11},"end":{"line":78,"column":12}},"loc":{"start":{"line":78,"column":17},"end":{"line":87,"column":2}},"line":78},"3":{"name":"(anonymous_3)","decl":{"start":{"line":79,"column":41},"end":{"line":79,"column":42}},"loc":{"start":{"line":79,"column":53},"end":{"line":81,"column":3}},"line":79},"4":{"name":"(anonymous_4)","decl":{"start":{"line":84,"column":9},"end":{"line":84,"column":10}},"loc":{"start":{"line":84,"column":15},"end":{"line":86,"column":3}},"line":84},"5":{"name":"(anonymous_5)","decl":{"start":{"line":90,"column":32},"end":{"line":90,"column":33}},"loc":{"start":{"line":90,"column":38},"end":{"line":228,"column":1}},"line":90},"6":{"name":"(anonymous_6)","decl":{"start":{"line":100,"column":17},"end":{"line":100,"column":18}},"loc":{"start":{"line":100,"column":29},"end":{"line":106,"column":2}},"line":100},"7":{"name":"(anonymous_7)","decl":{"start":{"line":107,"column":21},"end":{"line":107,"column":22}},"loc":{"start":{"line":107,"column":85},"end":{"line":111,"column":2}},"line":107},"8":{"name":"(anonymous_8)","decl":{"start":{"line":109,"column":13},"end":{"line":109,"column":14}},"loc":{"start":{"line":109,"column":20},"end":{"line":109,"column":22}},"line":109},"9":{"name":"(anonymous_9)","decl":{"start":{"line":113,"column":18},"end":{"line":113,"column":19}},"loc":{"start":{"line":113,"column":32},"end":{"line":115,"column":2}},"line":113},"10":{"name":"(anonymous_10)","decl":{"start":{"line":117,"column":18},"end":{"line":117,"column":19}},"loc":{"start":{"line":117,"column":36},"end":{"line":127,"column":2}},"line":117},"11":{"name":"(anonymous_11)","decl":{"start":{"line":122,"column":11},"end":{"line":122,"column":12}},"loc":{"start":{"line":122,"column":25},"end":{"line":125,"column":4}},"line":122},"12":{"name":"(anonymous_12)","decl":{"start":{"line":129,"column":11},"end":{"line":129,"column":12}},"loc":{"start":{"line":129,"column":17},"end":{"line":153,"column":2}},"line":129},"13":{"name":"(anonymous_13)","decl":{"start":{"line":149,"column":9},"end":{"line":149,"column":10}},"loc":{"start":{"line":149,"column":15},"end":{"line":152,"column":3}},"line":149},"14":{"name":"(anonymous_14)","decl":{"start":{"line":155,"column":21},"end":{"line":155,"column":22}},"loc":{"start":{"line":155,"column":27},"end":{"line":157,"column":2}},"line":155},"15":{"name":"(anonymous_15)","decl":{"start":{"line":162,"column":4},"end":{"line":162,"column":5}},"loc":{"start":{"line":163,"column":5},"end":{"line":223,"column":6}},"line":163},"16":{"name":"(anonymous_16)","decl":{"start":{"line":208,"column":19},"end":{"line":208,"column":20}},"loc":{"start":{"line":208,"column":26},"end":{"line":208,"column":49}},"line":208},"17":{"name":"(anonymous_17)","decl":{"start":{"line":215,"column":19},"end":{"line":215,"column":20}},"loc":{"start":{"line":215,"column":25},"end":{"line":215,"column":39}},"line":215}},"branchMap":{"0":{"loc":{"start":{"line":82,"column":2},"end":{"line":82,"column":45}},"type":"binary-expr","locations":[{"start":{"line":82,"column":2},"end":{"line":82,"column":13}},{"start":{"line":82,"column":17},"end":{"line":82,"column":45}}],"line":82},"1":{"loc":{"start":{"line":85,"column":3},"end":{"line":85,"column":48}},"type":"binary-expr","locations":[{"start":{"line":85,"column":3},"end":{"line":85,"column":14}},{"start":{"line":85,"column":18},"end":{"line":85,"column":48}}],"line":85},"2":{"loc":{"start":{"line":118,"column":2},"end":{"line":126,"column":3}},"type":"if","locations":[{"start":{"line":118,"column":2},"end":{"line":126,"column":3}},{"start":{},"end":{}}],"line":118},"3":{"loc":{"start":{"line":163,"column":5},"end":{"line":223,"column":6}},"type":"binary-expr","locations":[{"start":{"line":163,"column":5},"end":{"line":163,"column":25}},{"start":{"line":164,"column":6},"end":{"line":222,"column":12}}],"line":163},"4":{"loc":{"start":{"line":167,"column":9},"end":{"line":176,"column":9}},"type":"cond-expr","locations":[{"start":{"line":168,"column":9},"end":{"line":168,"column":82}},{"start":{"line":170,"column":9},"end":{"line":175,"column":16}}],"line":167},"5":{"loc":{"start":{"line":168,"column":49},"end":{"line":168,"column":76}},"type":"binary-expr","locations":[{"start":{"line":168,"column":49},"end":{"line":168,"column":70}},{"start":{"line":168,"column":74},"end":{"line":168,"column":76}}],"line":168},"6":{"loc":{"start":{"line":210,"column":10},"end":{"line":210,"column":56}},"type":"binary-expr","locations":[{"start":{"line":210,"column":10},"end":{"line":210,"column":17}},{"start":{"line":210,"column":21},"end":{"line":210,"column":42}},{"start":{"line":210,"column":46},"end":{"line":210,"column":56}}],"line":210},"7":{"loc":{"start":{"line":212,"column":9},"end":{"line":220,"column":9}},"type":"binary-expr","locations":[{"start":{"line":212,"column":9},"end":{"line":212,"column":13}},{"start":{"line":213,"column":9},"end":{"line":219,"column":15}}],"line":212}},"s":{"0":0,"1":0,"2":0,"3":0,"4":0,"5":0,"6":0,"7":0,"8":0,"9":0,"10":0,"11":0,"12":0,"13":0,"14":0,"15":0,"16":0,"17":0,"18":0,"19":0,"20":0,"21":0,"22":0,"23":0,"24":0,"25":0,"26":0,"27":0,"28":0,"29":0,"30":0,"31":0,"32":0,"33":0,"34":0,"35":0,"36":0,"37":0,"38":0,"39":0,"40":0,"41":0,"42":0,"43":0},"f":{"0":0,"1":0,"2":0,"3":0,"4":0,"5":0,"6":0,"7":0,"8":0,"9":0,"10":0,"11":0,"12":0,"13":0,"14":0,"15":0,"16":0,"17":0},"b":{"0":[0,0],"1":[0,0],"2":[0,0],"3":[0,0],"4":[0,0],"5":[0,0],"6":[0,0,0],"7":[0,0]}}
,"G:\\monorepo\\packages\\apps\\app-react\\src\\router\\index.tsx": {"path":"G:\\monorepo\\packages\\apps\\app-react\\src\\router\\index.tsx","statementMap":{"0":{"start":{"line":14,"column":39},"end":{"line":48,"column":1}}},"fnMap":{},"branchMap":{},"s":{"0":0},"f":{},"b":{}}
,"G:\\monorepo\\packages\\apps\\app-react\\src\\utils\\math.ts": {"path":"G:\\monorepo\\packages\\apps\\app-react\\src\\utils\\math.ts","statementMap":{"0":{"start":{"line":1,"column":19},"end":{"line":1,"column":50}},"1":{"start":{"line":1,"column":45},"end":{"line":1,"column":50}},"2":{"start":{"line":2,"column":21},"end":{"line":2,"column":52}},"3":{"start":{"line":2,"column":47},"end":{"line":2,"column":52}}},"fnMap":{"0":{"name":"(anonymous_0)","decl":{"start":{"line":1,"column":19},"end":{"line":1,"column":20}},"loc":{"start":{"line":1,"column":45},"end":{"line":1,"column":50}},"line":1},"1":{"name":"(anonymous_1)","decl":{"start":{"line":2,"column":21},"end":{"line":2,"column":22}},"loc":{"start":{"line":2,"column":47},"end":{"line":2,"column":52}},"line":2}},"branchMap":{},"s":{"0":1,"1":1,"2":1,"3":0},"f":{"0":1,"1":0},"b":{},"_coverageSchema":"1a1c01bbd47fc00a2c39e90264f33305004495a9","hash":"70a7f952f33619d8589d92b5f8e1d8648a446f31"}
}
